<?xml version="1.0" encoding="UTF-8"?>
<!-- Generated by org.testng.reporters.JUnitReportReporter -->
<testsuite hostname="DESKTOP-8RGN90S" failures="0" tests="1" name="wwsession.wwAutomation" time="34.287" errors="0" timestamp="17 Jul 2020 04:29:48 GMT" skipped="0">
  <testcase classname="wwsession.wwAutomation" name="launchWebsite" time="34.287"/>
</testsuite> <!-- wwsession.wwAutomation -->
